<?xml version="1.0" encoding="UTF-8"?>
<testsuite xmlns:xsi="http://www.w3.org/2001/XMLSchema-instance" xsi:noNamespaceSchemaLocation="https://maven.apache.org/surefire/maven-surefire-plugin/xsd/surefire-test-report.xsd" name="com.example.springkafkademo.SpringKafkaDemoApplicationTests" time="10.888" tests="3" errors="0" skipped="0" failures="0">
  <properties>
[...]
</properties>
  <testcase name="contextLoads2" classname="com.example.springkafkademo.SpringKafkaDemoApplicationTests" time="0.576"/>
  <testcase name="contextLoads3" classname="com.example.springkafkademo.SpringKafkaDemoApplicationTests" time="0.009"/>
  <testcase name="contextLoads" classname="com.example.springkafkademo.SpringKafkaDemoApplicationTests" time="0.018"/>
</testsuite>